TN:
SF:/home/labber/scheduler-2023/src/components/Application.js
FN:16,Application
FN:27,(anonymous_1)
FNF:2
FNH:2
FNDA:11,Application
FNDA:12,(anonymous_1)
DA:22,11
DA:24,11
DA:26,11
DA:28,12
DA:41,11
LF:5
LH:5
BRF:0
BRH:0
end_of_record
TN:
SF:/home/labber/scheduler-2023/src/components/Button.js
FN:7,Button
FNF:1
FNH:1
FNDA:21,Button
DA:8,21
DA:13,21
LF:2
LH:2
BRF:0
BRH:0
end_of_record
TN:
SF:/home/labber/scheduler-2023/src/components/DayList.js
FN:5,DayList
FN:6,(anonymous_1)
FNF:2
FNH:2
FNDA:11,DayList
FNDA:12,(anonymous_1)
DA:6,11
DA:7,12
DA:18,11
LF:3
LH:3
BRF:0
BRH:0
end_of_record
TN:
SF:/home/labber/scheduler-2023/src/components/DayListItem.js
FN:6,formatSpots
FN:13,DayListItem
FN:22,(anonymous_2)
FNF:3
FNH:3
FNDA:12,formatSpots
FNDA:12,DayListItem
FNDA:1,(anonymous_2)
DA:7,12
DA:8,12
DA:10,0
DA:14,12
DA:19,12
DA:22,1
LF:6
LH:5
BRDA:7,0,0,0
BRDA:7,0,1,12
BRDA:8,1,0,12
BRDA:8,1,1,0
BRF:4
BRH:2
end_of_record
TN:
SF:/home/labber/scheduler-2023/src/components/InterviewerList.js
FN:8,InterviewerList
FN:9,(anonymous_1)
FN:17,(anonymous_2)
FNF:3
FNH:2
FNDA:10,InterviewerList
FNDA:10,(anonymous_1)
FNDA:0,(anonymous_2)
DA:9,10
DA:10,10
DA:17,0
DA:22,10
DA:30,3
LF:5
LH:4
BRF:0
BRH:0
end_of_record
TN:
SF:/home/labber/scheduler-2023/src/components/InterviewerListItem.js
FN:6,InterviewerItem
FNF:1
FNH:1
FNDA:10,InterviewerItem
DA:7,10
DA:11,10
LF:2
LH:2
BRDA:18,0,0,10
BRDA:18,0,1,4
BRF:2
BRH:2
end_of_record
TN:
SF:/home/labber/scheduler-2023/src/components/Appointment/Confirm.js
FN:5,Confirm
FNF:1
FNH:0
FNDA:0,Confirm
DA:6,0
LF:1
LH:0
BRF:0
BRH:0
end_of_record
TN:
SF:/home/labber/scheduler-2023/src/components/Appointment/Empty.js
FN:3,Empty
FNF:1
FNH:1
FNDA:18,Empty
DA:4,18
LF:1
LH:1
BRF:0
BRH:0
end_of_record
TN:
SF:/home/labber/scheduler-2023/src/components/Appointment/Error.js
FN:3,Error
FNF:1
FNH:0
FNDA:0,Error
DA:4,0
LF:1
LH:0
BRF:0
BRH:0
end_of_record
TN:
SF:/home/labber/scheduler-2023/src/components/Appointment/Form.js
FN:5,Form
FN:10,reset
FN:16,cancel
FN:21,validate
FN:34,(anonymous_4)
FN:41,(anonymous_5)
FNF:6
FNH:5
FNDA:10,Form
FNDA:1,reset
FNDA:1,cancel
FNDA:4,validate
FNDA:0,(anonymous_4)
FNDA:1,(anonymous_5)
DA:6,10
DA:7,10
DA:8,10
DA:11,1
DA:12,1
DA:13,1
DA:17,1
DA:18,1
DA:22,4
DA:23,2
DA:24,2
DA:27,2
DA:28,2
DA:31,10
DA:34,0
DA:41,1
LF:16
LH:15
BRDA:6,0,0,10
BRDA:6,0,1,7
BRDA:7,1,0,10
BRDA:7,1,1,6
BRDA:22,2,0,2
BRDA:22,2,1,2
BRF:6
BRH:6
end_of_record
TN:
SF:/home/labber/scheduler-2023/src/components/Appointment/Header.js
FN:3,Header
FNF:1
FNH:1
FNDA:24,Header
DA:4,24
LF:1
LH:1
BRF:0
BRH:0
end_of_record
TN:
SF:/home/labber/scheduler-2023/src/components/Appointment/Show.js
FN:3,Show
FNF:1
FNH:1
FNDA:6,Show
DA:4,6
LF:1
LH:1
BRDA:11,0,0,6
BRDA:11,0,1,6
BRF:2
BRH:2
end_of_record
TN:
SF:/home/labber/scheduler-2023/src/components/Appointment/Status.js
FN:3,Status
FNF:1
FNH:0
FNDA:0,Status
DA:4,0
LF:1
LH:0
BRF:0
BRH:0
end_of_record
TN:
SF:/home/labber/scheduler-2023/src/components/Appointment/index.js
FN:13,Appointment
FN:31,save
FN:41,(anonymous_2)
FN:42,(anonymous_3)
FN:45,destroy
FN:49,(anonymous_5)
FN:50,(anonymous_6)
FN:58,(anonymous_7)
FN:65,(anonymous_8)
FN:66,(anonymous_9)
FN:90,(anonymous_10)
FNF:11
FNH:1
FNDA:24,Appointment
FNDA:0,save
FNDA:0,(anonymous_2)
FNDA:0,(anonymous_3)
FNDA:0,destroy
FNDA:0,(anonymous_5)
FNDA:0,(anonymous_6)
FNDA:0,(anonymous_7)
FNDA:0,(anonymous_8)
FNDA:0,(anonymous_9)
FNDA:0,(anonymous_10)
DA:15,24
DA:16,24
DA:17,24
DA:18,24
DA:19,24
DA:20,24
DA:21,24
DA:22,24
DA:23,24
DA:26,24
DA:32,0
DA:37,0
DA:39,0
DA:41,0
DA:42,0
DA:46,0
DA:47,0
DA:49,0
DA:50,0
DA:53,24
DA:58,0
DA:65,0
DA:66,0
DA:90,0
LF:24
LH:11
BRDA:27,0,0,6
BRDA:27,0,1,18
BRDA:56,1,0,24
BRDA:56,1,1,18
BRDA:61,2,0,24
BRDA:61,2,1,6
BRDA:69,3,0,24
BRDA:69,3,1,0
BRDA:76,4,0,24
BRDA:76,4,1,0
BRDA:85,5,0,24
BRDA:85,5,1,0
BRDA:86,6,0,24
BRDA:86,6,1,0
BRDA:87,7,0,24
BRDA:87,7,1,0
BRDA:94,8,0,24
BRDA:94,8,1,0
BRDA:97,9,0,24
BRDA:97,9,1,0
BRF:20
BRH:13
end_of_record
TN:
SF:/home/labber/scheduler-2023/src/helpers/selectors.js
FN:1,getAppointmentsForDay
FN:2,(anonymous_1)
FN:6,(anonymous_2)
FN:9,getInterviewersForDay
FN:10,(anonymous_4)
FN:14,(anonymous_5)
FN:17,getInterview
FNF:7
FNH:7
FNDA:16,getAppointmentsForDay
FNDA:13,(anonymous_1)
FNDA:20,(anonymous_2)
FNDA:16,getInterviewersForDay
FNDA:13,(anonymous_4)
FNDA:18,(anonymous_5)
FNDA:14,getInterview
DA:2,16
DA:4,16
DA:6,20
DA:10,16
DA:12,16
DA:14,18
DA:18,14
LF:7
LH:7
BRDA:4,0,0,7
BRDA:4,0,1,9
BRDA:4,1,0,16
BRDA:4,1,1,10
BRDA:12,2,0,7
BRDA:12,2,1,9
BRDA:12,3,0,16
BRDA:12,3,1,10
BRDA:19,4,0,14
BRDA:19,4,1,7
BRF:10
BRH:10
end_of_record
TN:
SF:/home/labber/scheduler-2023/src/hooks/useApplicationData.js
FN:13,useApplicationData
FN:21,(anonymous_1)
FN:23,(anonymous_2)
FN:29,(anonymous_3)
FN:41,bookInterview
FN:42,(anonymous_5)
FN:51,cancelInterview
FN:52,(anonymous_7)
FNF:8
FNH:4
FNDA:11,useApplicationData
FNDA:1,(anonymous_1)
FNDA:5,(anonymous_2)
FNDA:5,(anonymous_3)
FNDA:0,bookInterview
FNDA:0,(anonymous_5)
FNDA:0,cancelInterview
FNDA:0,(anonymous_7)
DA:14,11
DA:21,11
DA:23,11
DA:24,5
DA:30,5
DA:39,11
DA:42,0
DA:43,0
DA:52,0
DA:53,0
DA:61,11
LF:11
LH:7
BRF:0
BRH:0
end_of_record
TN:
SF:/home/labber/scheduler-2023/src/hooks/useRealtimeUpdate.js
FN:4,useRealtimeUpdate
FN:5,(anonymous_1)
FN:8,(anonymous_2)
FN:16,(anonymous_3)
FNF:4
FNH:3
FNDA:11,useRealtimeUpdate
FNDA:5,(anonymous_1)
FNDA:0,(anonymous_2)
FNDA:5,(anonymous_3)
DA:5,11
DA:6,5
DA:8,5
DA:9,0
DA:11,0
DA:12,0
DA:16,5
DA:17,5
LF:8
LH:5
BRDA:11,0,0,0
BRDA:11,0,1,0
BRDA:11,1,0,0
BRDA:11,1,1,0
BRF:4
BRH:0
end_of_record
TN:
SF:/home/labber/scheduler-2023/src/hooks/useVisualMode.js
FN:3,useVisualMode
FN:6,(anonymous_1)
FN:8,(anonymous_2)
FN:14,(anonymous_3)
FN:18,(anonymous_4)
FNF:5
FNH:1
FNDA:24,useVisualMode
FNDA:0,(anonymous_1)
FNDA:0,(anonymous_2)
FNDA:0,(anonymous_3)
FNDA:0,(anonymous_4)
DA:4,24
DA:6,24
DA:7,0
DA:8,0
DA:9,0
DA:10,0
DA:11,0
DA:14,0
DA:18,24
DA:19,0
DA:20,0
DA:21,0
DA:22,0
DA:26,24
LF:14
LH:4
BRDA:6,0,0,0
BRDA:7,1,0,0
BRDA:7,1,1,0
BRDA:19,2,0,0
BRDA:19,2,1,0
BRF:5
BRH:0
end_of_record
TN:
SF:/home/labber/scheduler-2023/src/reducers/application.js
FN:5,reducer
FN:27,(anonymous_1)
FN:30,(anonymous_2)
FN:34,(anonymous_3)
FNF:4
FNH:1
FNDA:7,reducer
FNDA:0,(anonymous_1)
FNDA:0,(anonymous_2)
FNDA:0,(anonymous_3)
DA:1,2
DA:2,2
DA:3,2
DA:6,7
DA:8,1
DA:10,5
DA:17,0
DA:22,0
DA:27,0
DA:28,0
DA:30,0
DA:34,0
DA:35,0
DA:43,0
DA:50,1
LF:15
LH:7
BRDA:6,0,0,1
BRDA:6,0,1,5
BRDA:6,0,2,0
BRDA:6,0,3,1
BRDA:19,1,0,0
BRDA:19,1,1,0
BRDA:30,2,0,0
BRDA:30,2,1,0
BRDA:35,3,0,0
BRDA:35,3,1,0
BRF:10
BRH:3
end_of_record
